<?xml version="1.0" encoding="UTF-8"?>
<!-- Generated by org.testng.reporters.JUnitReportReporter -->
<testsuite hostname="M2B-L-686ND63" failures="0" tests="1" name="testNG.TestNG" time="0.007" errors="0" timestamp="2022-09-09T08:14:37 IST" skipped="0">
  <testcase classname="testNG.TestNG" name="demo" time="0.007"/>
  <system-out/>
</testsuite> <!-- testNG.TestNG -->
